<?xml version="1.0" encoding="UTF-8"?>
<!-- Generated by org.testng.reporters.JUnitReportReporter -->
<testsuite hostname="Treesa" failures="0" tests="1" name="jtest.InheritanceChild" time="0.030" errors="0" timestamp="2025-08-03T23:14:44 IST" skipped="0">
  <testcase classname="jtest.InheritanceChild" name="childMethod" time="0.030"/>
</testsuite> <!-- jtest.InheritanceChild -->
